<webscript>
    <shortname>Test For DevCon</shortname>
    <description>Test For DevCon</description>
    <url>/api/invoice/testDevCon</url>
    <format default="json">extension</format>
    <authentication>user</authentication>
    <family>alexa</family>
</webscript>